[2020-08-30 18:11:00.137] Transmission 3.00 (bb6b5a062e) started (session.c:769)
[2020-08-30 18:11:00.137] RPC Server Adding address to whitelist: 127.0.0.1 (rpc-server.c:956)
[2020-08-30 18:11:00.137] RPC Server Serving RPC and Web requests on 0.0.0.0:9091/transmission/ (rpc-server.c:1243)
[2020-08-30 18:11:00.137] Port Forwarding Stopped (port-forwarding.c:196)
[2020-08-30 18:11:00.137] DHT Generating new id (tr-dht.c:389)
[2020-08-30 18:11:00.138] Using settings from "/data/transmission-home" (daemon.c:646)
[2020-08-30 18:11:00.138] Saved "/data/transmission-home/settings.json" (variant.c:1221)
[2020-08-30 18:11:00.138] Watching "/data/watch" for new .torrent files (daemon.c:698)
[2020-08-30 18:11:24.140] DHT Attempting bootstrap from dht.transmissionbt.com (tr-dht.c:299)
[2020-08-30 18:11:34.144] DHT dht.transmissionbt.com:6881: Temporary failure in name resolution (tr-dht.c:136)
[2020-08-30 18:12:39.146] DHT dht.transmissionbt.com:6881: Temporary failure in name resolution (tr-dht.c:136)
[2020-08-30 18:13:25.138] DHT dht.transmissionbt.com:6881: Temporary failure in name resolution (tr-dht.c:136)
[2020-08-30 18:14:14.142] DHT dht.transmissionbt.com:6881: Temporary failure in name resolution (tr-dht.c:136)
[2020-08-30 18:15:12.145] DHT dht.transmissionbt.com:6881: Temporary failure in name resolution (tr-dht.c:136)
[2020-08-30 18:15:53.138] DHT dht.transmissionbt.com:6881: Temporary failure in name resolution (tr-dht.c:136)
[2020-08-30 18:51:15.150] Searching for web interface file "/config/.local/share/transmission/web/index.html" (platform.c:472)
[2020-08-30 18:51:15.150] Searching for web interface file "/usr/share/transmission/web/index.html" (platform.c:472)
[2020-08-30 18:51:21.145] web will verify tracker certs using envvar CURL_CA_BUNDLE: none (web.c:455)
[2020-08-30 18:51:21.145] web NB: this only works if you built against libcurl with openssl or gnutls, NOT nss (web.c:457)
[2020-08-30 18:51:21.145] web NB: invalid certs will show up as 'Could not connect to tracker' like many other errors (web.c:458)
[2020-08-30 18:51:47.148] UDP Failed to set receive buffer: requested 4194304, got 425984 (tr-udp.c:97)
[2020-08-30 18:51:47.148] UDP Please add the line "net.core.rmem_max = 4194304" to /etc/sysctl.conf (tr-udp.c:99)
[2020-08-30 18:51:47.148] UDP Failed to set send buffer: requested 1048576, got 425984 (tr-udp.c:105)
[2020-08-30 18:51:47.148] UDP Please add the line "net.core.wmem_max = 1048576" to /etc/sysctl.conf (tr-udp.c:107)
